This file contains any messages produced by compilers while
running configure, to aid debugging if configure makes a mistake.

It was created by xxfs configure 0.1, which was
generated by GNU Autoconf 2.65.  Invocation command line was

  $ ./configure 

## --------- ##
## Platform. ##
## --------- ##

hostname = pcning
uname -m = i686
uname -r = 2.6.32-27-generic
uname -s = Linux
uname -v = #49-Ubuntu SMP Wed Dec 1 23:52:12 UTC 2010

/usr/bin/uname -p = unknown
/bin/uname -X     = unknown

/bin/arch              = unknown
/usr/bin/arch -k       = unknown
/usr/convex/getsysinfo = unknown
/usr/bin/hostinfo      = unknown
/bin/machine           = unknown
/usr/bin/oslevel       = unknown
/bin/universe          = unknown

PATH: /usr/local/sbin
PATH: /usr/local/bin
PATH: /usr/sbin
PATH: /usr/bin
PATH: /sbin
PATH: /bin
PATH: /usr/games


## ----------- ##
## Core tests. ##
## ----------- ##

configure:2331: checking for a BSD-compatible install
configure:2399: result: /usr/bin/install -c
configure:2410: checking whether build environment is sane
configure:2460: result: yes
configure:2601: checking for a thread-safe mkdir -p
configure:2640: result: /bin/mkdir -p
configure:2653: checking for gawk
configure:2669: found /usr/bin/gawk
configure:2680: result: gawk
configure:2691: checking whether make sets $(MAKE)
configure:2713: result: yes
configure:2853: checking for g++
configure:2869: found /usr/bin/g++
configure:2880: result: g++
configure:2907: checking for C++ compiler version
configure:2916: g++ --version >&5
g++ (Ubuntu 4.4.3-4ubuntu5) 4.4.3
Copyright (C) 2009 Free Software Foundation, Inc.
This is free software; see the source for copying conditions.  There is NO
warranty; not even for MERCHANTABILITY or FITNESS FOR A PARTICULAR PURPOSE.

configure:2927: $? = 0
configure:2916: g++ -v >&5
Using built-in specs.
Target: i486-linux-gnu
Configured with: ../src/configure -v --with-pkgversion='Ubuntu 4.4.3-4ubuntu5' --with-bugurl=file:///usr/share/doc/gcc-4.4/README.Bugs --enable-languages=c,c++,fortran,objc,obj-c++ --prefix=/usr --enable-shared --enable-multiarch --enable-linker-build-id --with-system-zlib --libexecdir=/usr/lib --without-included-gettext --enable-threads=posix --with-gxx-include-dir=/usr/include/c++/4.4 --program-suffix=-4.4 --enable-nls --enable-clocale=gnu --enable-libstdcxx-debug --enable-plugin --enable-objc-gc --enable-targets=all --disable-werror --with-arch-32=i486 --with-tune=generic --enable-checking=release --build=i486-linux-gnu --host=i486-linux-gnu --target=i486-linux-gnu
Thread model: posix
gcc version 4.4.3 (Ubuntu 4.4.3-4ubuntu5) 
configure:2927: $? = 0
configure:2916: g++ -V >&5
g++: '-V' option must have argument
configure:2927: $? = 1
configure:2916: g++ -qversion >&5
g++: unrecognized option '-qversion'
g++: no input files
configure:2927: $? = 1
configure:2947: checking whether the C++ compiler works
configure:2969: g++    conftest.cpp  >&5
configure:2973: $? = 0
configure:3022: result: yes
configure:3025: checking for C++ compiler default output file name
configure:3027: result: a.out
configure:3033: checking for suffix of executables
configure:3040: g++ -o conftest    conftest.cpp  >&5
configure:3044: $? = 0
configure:3066: result: 
configure:3088: checking whether we are cross compiling
configure:3096: g++ -o conftest    conftest.cpp  >&5
configure:3100: $? = 0
configure:3107: ./conftest
configure:3111: $? = 0
configure:3126: result: no
configure:3131: checking for suffix of object files
configure:3153: g++ -c   conftest.cpp >&5
configure:3157: $? = 0
configure:3178: result: o
configure:3182: checking whether we are using the GNU C++ compiler
configure:3201: g++ -c   conftest.cpp >&5
configure:3201: $? = 0
configure:3210: result: yes
configure:3219: checking whether g++ accepts -g
configure:3239: g++ -c -g  conftest.cpp >&5
configure:3239: $? = 0
configure:3280: result: yes
configure:3314: checking for style of include used by make
configure:3342: result: GNU
configure:3367: checking dependency style of g++
configure:3477: result: gcc3
configure:3496: checking for gawk
configure:3523: result: gawk
configure:3582: checking for gcc
configure:3598: found /usr/bin/gcc
configure:3609: result: gcc
configure:3838: checking for C compiler version
configure:3847: gcc --version >&5
gcc (Ubuntu 4.4.3-4ubuntu5) 4.4.3
Copyright (C) 2009 Free Software Foundation, Inc.
This is free software; see the source for copying conditions.  There is NO
warranty; not even for MERCHANTABILITY or FITNESS FOR A PARTICULAR PURPOSE.

configure:3858: $? = 0
configure:3847: gcc -v >&5
Using built-in specs.
Target: i486-linux-gnu
Configured with: ../src/configure -v --with-pkgversion='Ubuntu 4.4.3-4ubuntu5' --with-bugurl=file:///usr/share/doc/gcc-4.4/README.Bugs --enable-languages=c,c++,fortran,objc,obj-c++ --prefix=/usr --enable-shared --enable-multiarch --enable-linker-build-id --with-system-zlib --libexecdir=/usr/lib --without-included-gettext --enable-threads=posix --with-gxx-include-dir=/usr/include/c++/4.4 --program-suffix=-4.4 --enable-nls --enable-clocale=gnu --enable-libstdcxx-debug --enable-plugin --enable-objc-gc --enable-targets=all --disable-werror --with-arch-32=i486 --with-tune=generic --enable-checking=release --build=i486-linux-gnu --host=i486-linux-gnu --target=i486-linux-gnu
Thread model: posix
gcc version 4.4.3 (Ubuntu 4.4.3-4ubuntu5) 
configure:3858: $? = 0
configure:3847: gcc -V >&5
gcc: '-V' option must have argument
configure:3858: $? = 1
configure:3847: gcc -qversion >&5
gcc: unrecognized option '-qversion'
gcc: no input files
configure:3858: $? = 1
configure:3862: checking whether we are using the GNU C compiler
configure:3881: gcc -c   conftest.c >&5
configure:3881: $? = 0
configure:3890: result: yes
configure:3899: checking whether gcc accepts -g
configure:3919: gcc -c -g  conftest.c >&5
configure:3919: $? = 0
configure:3960: result: yes
configure:3977: checking for gcc option to accept ISO C89
configure:4041: gcc  -c -g -O2  conftest.c >&5
configure:4041: $? = 0
configure:4054: result: none needed
configure:4076: checking dependency style of gcc
configure:4186: result: gcc3
configure:4206: checking how to run the C preprocessor
configure:4237: gcc -E  conftest.c
configure:4237: $? = 0
configure:4251: gcc -E  conftest.c
conftest.c:11:28: error: ac_nonexistent.h: No such file or directory
configure:4251: $? = 1
configure: failed program was:
| /* confdefs.h */
| #define PACKAGE_NAME "xxfs"
| #define PACKAGE_TARNAME "xxfs"
| #define PACKAGE_VERSION "0.1"
| #define PACKAGE_STRING "xxfs 0.1"
| #define PACKAGE_BUGREPORT "idning@gmail.com"
| #define PACKAGE_URL ""
| #define PACKAGE "xxfs"
| #define VERSION "0.1"
| /* end confdefs.h.  */
| #include <ac_nonexistent.h>
configure:4276: result: gcc -E
configure:4296: gcc -E  conftest.c
configure:4296: $? = 0
configure:4310: gcc -E  conftest.c
conftest.c:11:28: error: ac_nonexistent.h: No such file or directory
configure:4310: $? = 1
configure: failed program was:
| /* confdefs.h */
| #define PACKAGE_NAME "xxfs"
| #define PACKAGE_TARNAME "xxfs"
| #define PACKAGE_VERSION "0.1"
| #define PACKAGE_STRING "xxfs 0.1"
| #define PACKAGE_BUGREPORT "idning@gmail.com"
| #define PACKAGE_URL ""
| #define PACKAGE "xxfs"
| #define VERSION "0.1"
| /* end confdefs.h.  */
| #include <ac_nonexistent.h>
configure:4339: checking whether ln -s works
configure:4343: result: yes
configure:4350: checking whether make sets $(MAKE)
configure:4372: result: yes
configure:4424: checking for ranlib
configure:4440: found /usr/bin/ranlib
configure:4451: result: ranlib
configure:4479: checking for grep that handles long lines and -e
configure:4537: result: /bin/grep
configure:4542: checking for egrep
configure:4604: result: /bin/grep -E
configure:4609: checking for ANSI C header files
configure:4629: gcc -c -g -O2  conftest.c >&5
configure:4629: $? = 0
configure:4702: gcc -o conftest -g -O2   conftest.c  >&5
configure:4702: $? = 0
configure:4702: ./conftest
configure:4702: $? = 0
configure:4713: result: yes
configure:4726: checking for sys/types.h
configure:4726: gcc -c -g -O2  conftest.c >&5
configure:4726: $? = 0
configure:4726: result: yes
configure:4726: checking for sys/stat.h
configure:4726: gcc -c -g -O2  conftest.c >&5
configure:4726: $? = 0
configure:4726: result: yes
configure:4726: checking for stdlib.h
configure:4726: gcc -c -g -O2  conftest.c >&5
configure:4726: $? = 0
configure:4726: result: yes
configure:4726: checking for string.h
configure:4726: gcc -c -g -O2  conftest.c >&5
configure:4726: $? = 0
configure:4726: result: yes
configure:4726: checking for memory.h
configure:4726: gcc -c -g -O2  conftest.c >&5
configure:4726: $? = 0
configure:4726: result: yes
configure:4726: checking for strings.h
configure:4726: gcc -c -g -O2  conftest.c >&5
configure:4726: $? = 0
configure:4726: result: yes
configure:4726: checking for inttypes.h
configure:4726: gcc -c -g -O2  conftest.c >&5
configure:4726: $? = 0
configure:4726: result: yes
configure:4726: checking for stdint.h
configure:4726: gcc -c -g -O2  conftest.c >&5
configure:4726: $? = 0
configure:4726: result: yes
configure:4726: checking for unistd.h
configure:4726: gcc -c -g -O2  conftest.c >&5
configure:4726: $? = 0
configure:4726: result: yes
configure:4742: checking arpa/inet.h usability
configure:4742: gcc -c -g -O2  conftest.c >&5
configure:4742: $? = 0
configure:4742: result: yes
configure:4742: checking arpa/inet.h presence
configure:4742: gcc -E  conftest.c
configure:4742: $? = 0
configure:4742: result: yes
configure:4742: checking for arpa/inet.h
configure:4742: result: yes
configure:4742: checking fcntl.h usability
configure:4742: gcc -c -g -O2  conftest.c >&5
configure:4742: $? = 0
configure:4742: result: yes
configure:4742: checking fcntl.h presence
configure:4742: gcc -E  conftest.c
configure:4742: $? = 0
configure:4742: result: yes
configure:4742: checking for fcntl.h
configure:4742: result: yes
configure:4742: checking for inttypes.h
configure:4742: result: yes
configure:4742: checking netdb.h usability
configure:4742: gcc -c -g -O2  conftest.c >&5
configure:4742: $? = 0
configure:4742: result: yes
configure:4742: checking netdb.h presence
configure:4742: gcc -E  conftest.c
configure:4742: $? = 0
configure:4742: result: yes
configure:4742: checking for netdb.h
configure:4742: result: yes
configure:4742: checking netinet/in.h usability
configure:4742: gcc -c -g -O2  conftest.c >&5
configure:4742: $? = 0
configure:4742: result: yes
configure:4742: checking netinet/in.h presence
configure:4742: gcc -E  conftest.c
configure:4742: $? = 0
configure:4742: result: yes
configure:4742: checking for netinet/in.h
configure:4742: result: yes
configure:4742: checking for stdlib.h
configure:4742: result: yes
configure:4742: checking for string.h
configure:4742: result: yes
configure:4742: checking sys/socket.h usability
configure:4742: gcc -c -g -O2  conftest.c >&5
configure:4742: $? = 0
configure:4742: result: yes
configure:4742: checking sys/socket.h presence
configure:4742: gcc -E  conftest.c
configure:4742: $? = 0
configure:4742: result: yes
configure:4742: checking for sys/socket.h
configure:4742: result: yes
configure:4742: checking for unistd.h
configure:4742: result: yes
configure:4755: checking for inline
configure:4771: gcc -c -g -O2  conftest.c >&5
configure:4771: $? = 0
configure:4779: result: inline
configure:4797: checking for int32_t
configure:4797: gcc -c -g -O2  conftest.c >&5
configure:4797: $? = 0
configure:4797: gcc -c -g -O2  conftest.c >&5
conftest.c: In function 'main':
conftest.c:68: warning: integer overflow in expression
conftest.c:68: error: size of array 'test_array' is negative
configure:4797: $? = 1
configure: failed program was:
| /* confdefs.h */
| #define PACKAGE_NAME "xxfs"
| #define PACKAGE_TARNAME "xxfs"
| #define PACKAGE_VERSION "0.1"
| #define PACKAGE_STRING "xxfs 0.1"
| #define PACKAGE_BUGREPORT "idning@gmail.com"
| #define PACKAGE_URL ""
| #define PACKAGE "xxfs"
| #define VERSION "0.1"
| #define STDC_HEADERS 1
| #define HAVE_SYS_TYPES_H 1
| #define HAVE_SYS_STAT_H 1
| #define HAVE_STDLIB_H 1
| #define HAVE_STRING_H 1
| #define HAVE_MEMORY_H 1
| #define HAVE_STRINGS_H 1
| #define HAVE_INTTYPES_H 1
| #define HAVE_STDINT_H 1
| #define HAVE_UNISTD_H 1
| #define HAVE_ARPA_INET_H 1
| #define HAVE_FCNTL_H 1
| #define HAVE_INTTYPES_H 1
| #define HAVE_NETDB_H 1
| #define HAVE_NETINET_IN_H 1
| #define HAVE_STDLIB_H 1
| #define HAVE_STRING_H 1
| #define HAVE_SYS_SOCKET_H 1
| #define HAVE_UNISTD_H 1
| /* end confdefs.h.  */
| #include <stdio.h>
| #ifdef HAVE_SYS_TYPES_H
| # include <sys/types.h>
| #endif
| #ifdef HAVE_SYS_STAT_H
| # include <sys/stat.h>
| #endif
| #ifdef STDC_HEADERS
| # include <stdlib.h>
| # include <stddef.h>
| #else
| # ifdef HAVE_STDLIB_H
| #  include <stdlib.h>
| # endif
| #endif
| #ifdef HAVE_STRING_H
| # if !defined STDC_HEADERS && defined HAVE_MEMORY_H
| #  include <memory.h>
| # endif
| # include <string.h>
| #endif
| #ifdef HAVE_STRINGS_H
| # include <strings.h>
| #endif
| #ifdef HAVE_INTTYPES_H
| # include <inttypes.h>
| #endif
| #ifdef HAVE_STDINT_H
| # include <stdint.h>
| #endif
| #ifdef HAVE_UNISTD_H
| # include <unistd.h>
| #endif
| 	        enum { N = 32 / 2 - 1 };
| int
| main ()
| {
| static int test_array [1 - 2 * !((int32_t) (((((int32_t) 1 << N) << N) - 1) * 2 + 1)
| 		 < (int32_t) (((((int32_t) 1 << N) << N) - 1) * 2 + 2))];
| test_array [0] = 0
| 
|   ;
|   return 0;
| }
configure:4797: result: yes
configure:4808: checking for uint16_t
configure:4808: gcc -c -g -O2  conftest.c >&5
configure:4808: $? = 0
configure:4808: result: yes
configure:4820: checking for uint32_t
configure:4820: gcc -c -g -O2  conftest.c >&5
configure:4820: $? = 0
configure:4820: result: yes
configure:4834: checking for uint8_t
configure:4834: gcc -c -g -O2  conftest.c >&5
configure:4834: $? = 0
configure:4834: result: yes
configure:4853: checking for bzero
configure:4853: gcc -o conftest -g -O2   conftest.c  >&5
conftest.c:53: warning: conflicting types for built-in function 'bzero'
configure:4853: $? = 0
configure:4853: result: yes
configure:4853: checking for memset
configure:4853: gcc -o conftest -g -O2   conftest.c  >&5
conftest.c:54: warning: conflicting types for built-in function 'memset'
configure:4853: $? = 0
configure:4853: result: yes
configure:4853: checking for socket
configure:4853: gcc -o conftest -g -O2   conftest.c  >&5
configure:4853: $? = 0
configure:4853: result: yes
configure:4988: creating ./config.status

## ---------------------- ##
## Running config.status. ##
## ---------------------- ##

This file was extended by xxfs config.status 0.1, which was
generated by GNU Autoconf 2.65.  Invocation command line was

  CONFIG_FILES    = 
  CONFIG_HEADERS  = 
  CONFIG_LINKS    = 
  CONFIG_COMMANDS = 
  $ ./config.status 

on pcning

config.status:871: creating Makefile
config.status:871: creating test/Makefile
config.status:871: creating config.h
config.status:1043: config.h is unchanged
config.status:1091: executing depfiles commands

## ---------------- ##
## Cache variables. ##
## ---------------- ##

ac_cv_c_compiler_gnu=yes
ac_cv_c_inline=inline
ac_cv_c_int32_t=yes
ac_cv_c_uint16_t=yes
ac_cv_c_uint32_t=yes
ac_cv_c_uint8_t=yes
ac_cv_cxx_compiler_gnu=yes
ac_cv_env_CCC_set=
ac_cv_env_CCC_value=
ac_cv_env_CC_set=
ac_cv_env_CC_value=
ac_cv_env_CFLAGS_set=
ac_cv_env_CFLAGS_value=
ac_cv_env_CPPFLAGS_set=
ac_cv_env_CPPFLAGS_value=
ac_cv_env_CPP_set=
ac_cv_env_CPP_value=
ac_cv_env_CXXFLAGS_set=
ac_cv_env_CXXFLAGS_value=
ac_cv_env_CXX_set=
ac_cv_env_CXX_value=
ac_cv_env_LDFLAGS_set=
ac_cv_env_LDFLAGS_value=
ac_cv_env_LIBS_set=
ac_cv_env_LIBS_value=
ac_cv_env_build_alias_set=
ac_cv_env_build_alias_value=
ac_cv_env_host_alias_set=
ac_cv_env_host_alias_value=
ac_cv_env_target_alias_set=
ac_cv_env_target_alias_value=
ac_cv_func_bzero=yes
ac_cv_func_memset=yes
ac_cv_func_socket=yes
ac_cv_header_arpa_inet_h=yes
ac_cv_header_fcntl_h=yes
ac_cv_header_inttypes_h=yes
ac_cv_header_memory_h=yes
ac_cv_header_netdb_h=yes
ac_cv_header_netinet_in_h=yes
ac_cv_header_stdc=yes
ac_cv_header_stdint_h=yes
ac_cv_header_stdlib_h=yes
ac_cv_header_string_h=yes
ac_cv_header_strings_h=yes
ac_cv_header_sys_socket_h=yes
ac_cv_header_sys_stat_h=yes
ac_cv_header_sys_types_h=yes
ac_cv_header_unistd_h=yes
ac_cv_objext=o
ac_cv_path_EGREP='/bin/grep -E'
ac_cv_path_GREP=/bin/grep
ac_cv_path_install='/usr/bin/install -c'
ac_cv_path_mkdir=/bin/mkdir
ac_cv_prog_AWK=gawk
ac_cv_prog_CPP='gcc -E'
ac_cv_prog_ac_ct_CC=gcc
ac_cv_prog_ac_ct_CXX=g++
ac_cv_prog_ac_ct_RANLIB=ranlib
ac_cv_prog_cc_c89=
ac_cv_prog_cc_g=yes
ac_cv_prog_cxx_g=yes
ac_cv_prog_make_make_set=yes
am_cv_CC_dependencies_compiler_type=gcc3
am_cv_CXX_dependencies_compiler_type=gcc3

## ----------------- ##
## Output variables. ##
## ----------------- ##

ACLOCAL='${SHELL} /home/ning/idning-paper/src/missing --run aclocal-1.11'
AMDEPBACKSLASH='\'
AMDEP_FALSE='#'
AMDEP_TRUE=''
AMTAR='${SHELL} /home/ning/idning-paper/src/missing --run tar'
AUTOCONF='${SHELL} /home/ning/idning-paper/src/missing --run autoconf'
AUTOHEADER='${SHELL} /home/ning/idning-paper/src/missing --run autoheader'
AUTOMAKE='${SHELL} /home/ning/idning-paper/src/missing --run automake-1.11'
AWK='gawk'
CC='gcc'
CCDEPMODE='depmode=gcc3'
CFLAGS='-g -O2'
CPP='gcc -E'
CPPFLAGS=''
CXX='g++'
CXXDEPMODE='depmode=gcc3'
CXXFLAGS='-g -O2'
CYGPATH_W='echo'
DEFS='-DHAVE_CONFIG_H'
DEPDIR='.deps'
ECHO_C=''
ECHO_N='-n'
ECHO_T=''
EGREP='/bin/grep -E'
EXEEXT=''
GREP='/bin/grep'
INSTALL_DATA='${INSTALL} -m 644'
INSTALL_PROGRAM='${INSTALL}'
INSTALL_SCRIPT='${INSTALL}'
INSTALL_STRIP_PROGRAM='$(install_sh) -c -s'
LDFLAGS=''
LIBOBJS=''
LIBS=''
LN_S='ln -s'
LTLIBOBJS=''
MAKEINFO='${SHELL} /home/ning/idning-paper/src/missing --run makeinfo'
MKDIR_P='/bin/mkdir -p'
OBJEXT='o'
PACKAGE='xxfs'
PACKAGE_BUGREPORT='idning@gmail.com'
PACKAGE_NAME='xxfs'
PACKAGE_STRING='xxfs 0.1'
PACKAGE_TARNAME='xxfs'
PACKAGE_URL=''
PACKAGE_VERSION='0.1'
PATH_SEPARATOR=':'
RANLIB='ranlib'
SET_MAKE=''
SHELL='/bin/bash'
STRIP=''
VERSION='0.1'
ac_ct_CC='gcc'
ac_ct_CXX='g++'
am__EXEEXT_FALSE=''
am__EXEEXT_TRUE='#'
am__fastdepCC_FALSE='#'
am__fastdepCC_TRUE=''
am__fastdepCXX_FALSE='#'
am__fastdepCXX_TRUE=''
am__include='include'
am__isrc=''
am__leading_dot='.'
am__quote=''
am__tar='${AMTAR} chof - "$$tardir"'
am__untar='${AMTAR} xf -'
bindir='${exec_prefix}/bin'
build_alias=''
datadir='${datarootdir}'
datarootdir='${prefix}/share'
docdir='${datarootdir}/doc/${PACKAGE_TARNAME}'
dvidir='${docdir}'
exec_prefix='${prefix}'
host_alias=''
htmldir='${docdir}'
includedir='${prefix}/include'
infodir='${datarootdir}/info'
install_sh='${SHELL} /home/ning/idning-paper/src/install-sh'
libdir='${exec_prefix}/lib'
libexecdir='${exec_prefix}/libexec'
localedir='${datarootdir}/locale'
localstatedir='${prefix}/var'
mandir='${datarootdir}/man'
mkdir_p='/bin/mkdir -p'
oldincludedir='/usr/include'
pdfdir='${docdir}'
prefix='/usr/local'
program_transform_name='s,x,x,'
psdir='${docdir}'
sbindir='${exec_prefix}/sbin'
sharedstatedir='${prefix}/com'
sysconfdir='${prefix}/etc'
target_alias=''

## ----------- ##
## confdefs.h. ##
## ----------- ##

/* confdefs.h */
#define PACKAGE_NAME "xxfs"
#define PACKAGE_TARNAME "xxfs"
#define PACKAGE_VERSION "0.1"
#define PACKAGE_STRING "xxfs 0.1"
#define PACKAGE_BUGREPORT "idning@gmail.com"
#define PACKAGE_URL ""
#define PACKAGE "xxfs"
#define VERSION "0.1"
#define STDC_HEADERS 1
#define HAVE_SYS_TYPES_H 1
#define HAVE_SYS_STAT_H 1
#define HAVE_STDLIB_H 1
#define HAVE_STRING_H 1
#define HAVE_MEMORY_H 1
#define HAVE_STRINGS_H 1
#define HAVE_INTTYPES_H 1
#define HAVE_STDINT_H 1
#define HAVE_UNISTD_H 1
#define HAVE_ARPA_INET_H 1
#define HAVE_FCNTL_H 1
#define HAVE_INTTYPES_H 1
#define HAVE_NETDB_H 1
#define HAVE_NETINET_IN_H 1
#define HAVE_STDLIB_H 1
#define HAVE_STRING_H 1
#define HAVE_SYS_SOCKET_H 1
#define HAVE_UNISTD_H 1
#define HAVE_BZERO 1
#define HAVE_MEMSET 1
#define HAVE_SOCKET 1

configure: exit 0
