root@localhost:/tmp/a# iozone -a
        Iozone: Performance Test of File I/O
                Version $Revision: 3.373 $
                Compiled for 64 bit mode.
                Build: linux-AMD64

        Contributors:William Norcott, Don Capps, Isom Crawford, Kirby Collins
                     Al Slater, Scott Rhine, Mike Wisner, Ken Goss
                     Steve Landherr, Brad Smith, Mark Kelly, Dr. Alain CYR,
                     Randy Dunlap, Mark Montague, Dan Million, Gavin Brebner,
                     Jean-Marc Zucconi, Jeff Blomberg, Benny Halevy, Dave Boone,
                     Erik Habbinga, Kris Strecker, Walter Wong, Joshua Root,
                     Fabrice Bacchella, Zhenghua Xue, Qin Li, Darren Sawyer.

        Run began: Sat Mar 26 09:00:34 2011

        Auto Mode
        Command line used: iozone -a
        Output is in Kbytes/sec
        Time Resolution = 0.000001 seconds.
        Processor cache size set to 1024 Kbytes.
        Processor cache line size set to 32 bytes.
        File stride size set to 17 * record size.
                                                            random  random    bkwd   record   stride
              KB  reclen   write rewrite    read    reread    read   write    read  rewrite     read   fwrite frewrite   fread  freread
              64       4   23012   23659    50393    52543     100    3347      99     3567   124981    31968    35630   41109    32840
              64       8   26777   28343      790      787     199    8016     199     7179   150232    39097    43564   40048    38141
              64      16   24530   26304    62198    64391   42664   14736   22735    12675   105608    35716    39970   65173    56384
              64      32    9826   21072  4018152  4274062  117230   34740   45291    16697    95979    68151    65651  130320   130637
              64      64   34953   22113  4274062  3203069   77296   23189   63613    32538   113273    33988    34691  110703   104579
             128       4   34783   33169    96754    94108     100    3789      99     3775      133    35467    31762   65505    55508
             128       8   27443   30954     1570     1575     200    6302     199     7395   294207    37120    33898   67295    59429
             128      16   30024   36199    78584    76154   27309   13720   34042    14174   326602    48595    46306  100938    65505
             128      32   27478   28299   138375   125618   66495   19113   50077    18467   210553    43762    43999  121882   111019
             128      64   29203   29954  4233807  3657016  143020   31590   78526    25067   164290    66943    63021  210553   257516
             128     128   32008   31960  4012317  4012317  148110   34548  116893    33358   153839    32830    34659  179747   167939
             256       4   32653   34211   124509   128256     103    4213      99     3416      110    29861    29317   82286    83411
             256       8   30371   39042     3120     3089     199    5152     199     5418      245    25806    26939   94737    92885
             256      16   25457   26269   113469   101422   23732    8275   23484     8437   331626    25859    28197   83385   100389
             256      32   25788   25490   133470   143571   56214   14365   53156    13831   427478    27699    27974  107108   114084
             256      64   25822   26667   197968   198004  128441   19751   75335    18174   288966    33675    34505  153395   163909
             256     128   25394   24473   384880   361674  165272   25100  128579    22012   280072    50975    54342  147637   181411
             256     256   25569   24985  3770085  3994490  181044   26245  127677    25824   154122    26087    32908  176317   205469
             512       4   25523   24657   122434   127206     104    3321      99     3379      104    34092    34443   99168   155481
             512       8   35947   40131     6058     6056     205    6365     199     5468      212    26861    26017   99592    86865
             512      16   26799   26926   168750   174865   39225    9170   31263     9174    36408    28670    29083  118574   128577
             512      32   27815   26833   144965   138495   55712   13274   55316    13383   576535    29262    28754  201664   200478
             512      64   28158   26980   179513   183580   91624   18682  116024    23839   682649    45948    44444  218333   223189
             512     128   28252   39248   294748   311238  223282   27833  154076    24838   804962    53747    53450  207450   220961
             512     256   28962   27984   351654   345487  173789   27199  181164    33909   426358    81270    77906  206790   225249
             512     512   30614   33844  3877684  3849877  158371   27390  137229    28130   208639    37506    37883  208214   219561
            1024       4   25855   29074   188575   192007     101    3223      99     3188      102    27965    35997  169421   173703
            1024       8   24196   28901    11555    11632     205    5787     196     5689      206    24160    27943  168418   144568
            1024      16   23669   28201   169762   190052   29317    9073   26254     9048    30782    27064    35271  175163   175765
            1024      32   28516   34486   186213   203256   58641   13455   51212    12646    55779    32063    34434  186180   183484
            1024      64   21980   29165   226841   238744  131958   20387  128824    18224  1199106    35440    35781  217921   229544
            1024     128   22207   25577   266671   251229  160201   22628  196092    28203  1107005    38498    38304  209706   222125
            1024     256   21469   34325   291069   268489  192049   28426  193207    31351   650969    44147    43360  221552   218620
            1024     512   21563   33477   439526   469918  213109   29094  194010    34783   391883    79601    80320  234060   201416
            1024    1024   27486   34221  3751699  4574926  210055   27211  152019    27290   206282    33802    33269  218242   204670
            2048       4   28917   32233   197661   206783     100    2946      99     2901      101    26105    31785  174030   171480
            2048       8   29174   32413    21577    21757     203    5704     198     5137      203    27457    32226  184472   176624
            2048      16   25087   32249   174330   179398   27008    8878   24967     8641    26863    27879    31913  185672   167815
            2048      32   23900   32379   215644   200078   56208   12994   57107    15306    74535    28195    32629  218008   194951
            2048      64   24405   31797   223796   217875   95897   20310  127403    22775   145247    32564    32538  223557   216677
            2048     128   22642   32219   210548   183413  131737   23840  203236    25541  1928240    33347    33082  185926   179413
            2048     256   24502   32427   250707   239108  165845   25108  182029    24512  1254956    35388    35338  208363   201732
            2048     512   22104   31945   285116   217848  144318   30211  211612    27948   724167    42633    42370  215282   195475
            2048    1024   27689   30252    23597    23218  148105   31788  196940    31379   402663    68166    70228  212119   201950
            2048    2048   29697   33515  3012103  3024831  139025   28661  186333    31161   181786    29806    31195  182874   169805
            4096       4   25551   28402   181014   159315     100    2815      97     2817      100    27914    31428  203365   159026
            4096       8   22175   31671    38181    36836     200    5234     195     5274      201    28679    31807  140856   124680
            4096      16   25076   31980   197606   186920   30083    8873   29178     8750    28762    30151    30549  164974   164011
            4096      32   25556   31765   204964   195840   54719   12997   54497    13235    58873    29796    32054  198641   164201
            4096      64   23657   32025   222295   220929  105190   19376   97333    19943   108451    24467    32086  202741   189745
            4096     128   26452   32059   220937   205260  196346   27379  201167    25429   222474    31307    32660  233575   201476
            4096     256   28691   31847   231046   215692  177908   28997  209933    28882  1880498    33399    33083  207401   204267
            4096     512   21574   26033   244362   265938  180934   30246  201734    28905  1360802    36014    35871  217145   186496
            4096    1024   23739   29530    40791    40436  132905   29634  181521    30571   638590    39975    41939  175365   162468
            4096    2048   22559   31325    43715    42025  130980   26260  162939    28756   351019    56716    59910  168324    58069
            4096    4096   24826   30946  2584291  2603876  157720   29322  179138    30075   193875    30118    30803  185424   162043
            8192       4   26688   30629   199546   178436     100    1587      99     3433      100    29149    29858  180548   171076
            8192       8   25798   30859    59540    60227     200    5298     194     5560a      200    27109    31245  156613    84848
            8192      16   26295   31452   194857   157991   31269    8677   28574     8615    29669    26979    31419  181335   154411
            8192      32   26326   30858   205710   186148   55310   13735   53160    15296    54804    29060    31749  206572   206607
            8192      64   25818   31762   192441   168938   94110   20071   95688    21017   111825    28816    32100  189151   164660
            8192     128   27543   31847   211831   205855  145918   25612  194515    27357   201296    30717    31173  197468   154475
            8192     256   26628   31130   211953   193302  156545   28789  184433    29344   200646    31039    31357  182433   166457
            8192     512   22334   26936   192417   189296  166068   27128  166887    26252  1938948    28965    28635  174308   159256
            8192    1024   25740   27011    68346    66854  152307   32979  167803    31057  1087030    35127    32905  140003   137884
            8192    2048   22183   28972    64291    64651  174844   29261  154969    28757   632685    34254    38428  163724   153871
            8192    4096   23643   26588    72287    73459  142469   28148  147073    26269   300789    53379    57427  147094   135422
            8192    8192   26920   27168  2393772  2463804  134654   26125  141968    27512   164918    26644    28410  163807   141331
           16384       4   26293   28898   145965   139530     100    1542      99     3090      100    26217    27085   98153   131299
           16384       8   28662   30546    89567    83947     200    3460     196     5564      200    29495    29994  159929   149094
           16384      16   28928   31482   211723   179838   28999    8682   29670     8323    25708    28929    30372  145346   139105
           16384      32   25718   31259   154215   154099   57595   14504   58247    15325    57799    21852    30914  175179   181522
           16384      64   28449   31602   179978   163529   93042   21501   95355    23060   103704    29635    31777  186607   156476
           16384     128   27840   31711   168941   157246  153352   28153  178013    28342   170520    31245    31819  171436   155291
           16384     256   24967   27792   164017   157682  152959   26436  162761    26924   164285    27251    27835  145135   147216
           16384     512   26209   27850   166815   166043  156979   27448  156543    27717   179668    27672    28385  166975   156613
           16384    1024   26254   27520    99564    96629  154422   31723  176141    31676  2143343    33785    33877  185219   172241
           16384    2048   32913   34632   100210    93409  174593   31970  179767    31707  1149024    35325    36047  167611   155572
           16384    4096   32750   34832   101414    99664  156934   31376  161071    31426   616656    41640    41915  174531   178362
           16384    8192   29649   31830   122769   120880  168549   32072  201544    32262   393334    61582    64167  208365   168405
           16384   16384   30256   32229  2488411  2487690  186416   31882  198288    31934   182981    31994    32408  219240   189939
           32768      64   30900   32588   208077   146226  104258   24310  105187    17861   106994    31963    32431  200441   173562
           32768     128   30603   32394   216126   206430  156656   27651  160288    18781   183120    31647    32048  169471   154816
           32768     256   34021   34838   208243   188526  164070   31301  189642    30873    44854    25568    27600  148521   162274
           32768     512   25797   27723   147241   158000  136574   27460  136208    18891   147672    27174    27665  137261   134266
           32768    1024   25374   26874   115167   112768  166083   26797  137246    30840   166821    31529    31586  159806   146034
           32768    2048   25034   26814   107640   115658  150622   28298  176753    19527  1665123    31065    31484  186798   177789
           32768    4096   29626   31948   123834   118891  155828   27423  150732    20879   868718    35321    35688  151035   149957
           32768    8192   29633   31580   127537   129996  147634   27107  144823    26107   598763    39224    39603  170627   171940
           32768   16384   24309   26578   180192   171744  157831   33564  160497    25084   282188    61294    62520  162713   156004
           65536      64   30313   32262   176532   194716   43821   23252  102059    24600   105011    29950    20007  158338   158196
           65536     128   26670   29111   139932   151416  141439   26766  142745    15655   148441    30244    30849  153511   155664
           65536     256   25970   18977   153559   151375  147265   16201  130602    26570   141599    30381    30337   61934   153327
           65536     512   23748   22166   147796   144649  138839   27234   44314    31057   161647    25387    31149  151288   155947
           65536    1024   24993   20351   142437   142859  176718   31472  152150    31661   190793    23700    31640  169825   155572
           65536    2048   29912   31778   142562    73532  132304   28381  158859    18652   155946    20684    27712  148565   143195
           65536    4096   26485   29590    45529   125151  140281   30855  160532    29444  1197308    23150    29834  144461   148749
           65536    8192   26057   29598    48769   146890  138289   28760  144929    28669   898394    23930    32847  138251   139086
           65536   16384   27337   29573    45942   150433  144145   28191   65867    29666   548107    27149    41410  142654   139411
          131072      64   28477   17721   157704   156528   76812   11990   95204    19327    99634    23346    22814  158774    73744
          131072     128   28238   17554   143560   145504  135386   14687  145783    26500   139557    23005    23133  158165   156493
          131072     256   27473   17680   159143   158092  146067   27285   38269    28414   145044    30881    17427  158068   157980
          131072     512   26357   17357   140490   139105   97544   20046  154020    28039   159499    29053    17514  141218   141313
          131072    1024   26275   18492   128210   130404  101037   19658  139822    28879   145072    27942    17645  156749   159252
          131072    2048   26747   17284   131031   129933   95539   20978  140245    28191   140721    27720    16927  140374   138137
          131072    4096   29969   19447   163616   144576  171041   27351  168637    27223   179322    22739    25575  158144   157821
          131072    8192   29980   17593   152920   158884  167289   29147  162051    32240  1252885    23498    22065  141738    90125
          131072   16384   18910   24048   138545   138985  101870   21539  156039    29422   920384    27800    24632  108819   160057
          262144      64   22502   23423   162112   116793   95633   11251   96453    22972    88466    22883    24112   86659   157788
          262144     128   21020   22496    91589   158271  143449   14538  137005    26430   154348    21443    21983  107484   158471
          262144     256   21771   22653   132498   146791  134677   18349   77934    32103   145375    20598    21781  130296   158826
          262144     512   21731   23938   151392   126368  158175   23523   83217    31487   166067    28617    20035  158011   156470
          262144    1024   21838   24650   175011   113200  170888   23090  113800    31493   167324    23717    20670  153974   126409
          262144    2048   21771   23646   161127   102172  180214   24481  141255    30810   162476    23547    20536  183877   189100
          262144    4096   19726   16342    92778   132759  141970   21547  121854    29004   156944    22663    19636  101547   147310
          262144    8192   21080   21691   106999   157421  165780   21835  161105    29543   144744    22328    20088  161502   155801
          262144   16384   20746   21866    87176   156600  161470   22512  159859    29399  1287392    23335    23161  118007   161342
          524288      64   21025   16964   126627   141625   75873    8755   71057    15791    76495    16799    17306  123924   144268
          524288     128   15638   15668   134155   146392  128540   11805  120863    25572   135359    19925    20746  141678   162656
          524288     256   21097   19519   156984   161005  150928   17010  119664    28613   165043    20589    20583  121845   158309
          524288     512   21247   16722   146249   144337  140817   15062  132730    27188   141287    20919    20963  126758   154537
          524288    1024   19098   20332   129156   133564  155178   19104  140541    29318   143761    19360    18523  153806   147285
          524288    2048   21502   22638   148369   155706  155835   21805  163877    32952   155356    20695    20074  104609   152846
          524288    4096   18676   20105   108618   138850  151800   19688  127917    27055   147309    21111    18786  138299   148395
          524288    8192   18035   18272   112615   130543  148976   18903  129214    26630   145754    18681    19211  145954   149672
          524288   16384   18616   18507   130324   132569  147897   20510  115262    25373   142707    19708    18667  130485   149081

iozone test complete.  




